/afs/ir.stanford.edu/class/ee/synopsys/syn/M-2016.12-SP2/auxx/gui/dv/dv_setup.tcl
/afs/ir.stanford.edu/class/ee/synopsys/syn/M-2016.12-SP2/auxx/gui/syn/snpsSynProcs.tcl
/afs/ir.stanford.edu/class/ee/synopsys/syn/M-2016.12-SP2/auxx/gui/syn/layout/pkgIndex.tcl
/afs/ir.stanford.edu/class/ee/synopsys/syn/M-2016.12-SP2/auxx/gui/common/tq/pkgIndex.tcl
/afs/ir.stanford.edu/class/ee/synopsys/syn/M-2016.12-SP2/auxx/gui/common/docBrowser/pkgIndex.tcl
/afs/ir.stanford.edu/class/ee/synopsys/syn/M-2016.12-SP2/auxx/gui/common/qtcl/pkgIndex.tcl
/afs/ir.stanford.edu/class/ee/synopsys/syn/M-2016.12-SP2/auxx/gui/common/profiler/pkgIndex.tcl
/afs/ir.stanford.edu/class/ee/synopsys/syn/M-2016.12-SP2/auxx/gui/common/highlight/pkgIndex.tcl
/afs/ir.stanford.edu/class/ee/synopsys/syn/M-2016.12-SP2/auxx/gui/common/tiledview/pkgIndex.tcl
/afs/ir.stanford.edu/class/ee/synopsys/syn/M-2016.12-SP2/auxx/gui/common/mrupalette/pkgIndex.tcl
/afs/ir.stanford.edu/class/ee/synopsys/syn/M-2016.12-SP2/auxx/gui/common/histogram/pkgIndex.tcl
/afs/ir.stanford.edu/class/ee/synopsys/syn/M-2016.12-SP2/auxx/gui/common/palettegroup/pkgIndex.tcl
/afs/ir.stanford.edu/class/ee/synopsys/syn/M-2016.12-SP2/auxx/gui/common/layout/pkgIndex.tcl
/afs/ir.stanford.edu/class/ee/synopsys/syn/M-2016.12-SP2/auxx/gui/common/select/pkgIndex.tcl
/afs/ir.stanford.edu/class/ee/synopsys/syn/M-2016.12-SP2/auxx/gui/common/pathinspector/pkgIndex.tcl
/afs/ir.stanford.edu/class/ee/synopsys/syn/M-2016.12-SP2/auxx/gui/common/regressionToolkit/pkgIndex.tcl
/afs/ir.stanford.edu/class/ee/synopsys/syn/M-2016.12-SP2/auxx/gui/common/fanoutviewer/pkgIndex.tcl
/afs/ir.stanford.edu/class/ee/synopsys/syn/M-2016.12-SP2/auxx/gui/common/table/pkgIndex.tcl
/afs/ir.stanford.edu/class/ee/synopsys/syn/M-2016.12-SP2/auxx/gui/common/opdlg/pkgIndex.tcl
/afs/ir.stanford.edu/class/ee/synopsys/syn/M-2016.12-SP2/auxx/gui/common/timing/pkgIndex.tcl
/afs/ir.stanford.edu/class/ee/synopsys/syn/M-2016.12-SP2/auxx/gui/common/acg/pkgIndex.tcl
/afs/ir.stanford.edu/class/ee/synopsys/syn/M-2016.12-SP2/auxx/gui/common/strokes/pkgIndex.tcl
/afs/ir.stanford.edu/class/ee/synopsys/syn/M-2016.12-SP2/auxx/gui/common/libviewer/pkgIndex.tcl
/afs/ir.stanford.edu/class/ee/synopsys/syn/M-2016.12-SP2/auxx/gui/common/menus/pkgIndex.tcl
/afs/ir.stanford.edu/class/ee/synopsys/syn/M-2016.12-SP2/auxx/gui/common/view/pkgIndex.tcl
/afs/ir.stanford.edu/class/ee/synopsys/syn/M-2016.12-SP2/auxx/gui/common/commandform/pkgIndex.tcl
/afs/ir.stanford.edu/class/ee/synopsys/syn/M-2016.12-SP2/auxx/gui/common/WindowFrameWork/pkgIndex.tcl
/afs/ir.stanford.edu/class/ee/synopsys/syn/M-2016.12-SP2/auxx/gui/common/schematic/pkgIndex.tcl
/afs/ir.stanford.edu/class/ee/synopsys/syn/M-2016.12-SP2/auxx/gui/common/misc/pkgIndex.tcl
/afs/ir.stanford.edu/class/ee/synopsys/syn/M-2016.12-SP2/auxx/gui/common/tcl-dp/pkgIndex.tcl
/afs/ir.stanford.edu/class/ee/synopsys/syn/M-2016.12-SP2/auxx/gui/common/dialogs/pkgIndex.tcl
/afs/ir.stanford.edu/class/ee/synopsys/syn/M-2016.12-SP2/auxx/gui/common/setup/pkgIndex.tcl
/afs/ir.stanford.edu/class/ee/synopsys/syn/M-2016.12-SP2/auxx/gui/common/hierarchy/pkgIndex.tcl
/afs/ir.stanford.edu/class/ee/synopsys/syn/M-2016.12-SP2/auxx/gui/dv/pkgIndex.tcl
/afs/ir.stanford.edu/class/ee/synopsys/syn/M-2016.12-SP2/auxx/syn/lib/pkgIndex.tcl
/afs/ir.stanford.edu/class/ee/synopsys/syn/M-2016.12-SP2/auxx/tcllib/lib/iwidgets4.1/pkgIndex.tcl
/afs/ir.stanford.edu/class/ee/synopsys/syn/M-2016.12-SP2/auxx/tcllib/snps_tcl/snpsTclPro/pkgIndex.tcl
/afs/ir.stanford.edu/class/ee/synopsys/syn/M-2016.12-SP2/auxx/tcllib/snps_tcl/snpsTest/pkgIndex.tcl
/afs/ir.stanford.edu/class/ee/synopsys/syn/M-2016.12-SP2/auxx/tcllib/snps_tcl/snpsUtils/pkgIndex.tcl
/afs/ir.stanford.edu/class/ee/synopsys/syn/M-2016.12-SP2/auxx/tcllib/snps_tcl/pkgIndex.tcl
/afs/ir.stanford.edu/class/ee/synopsys/syn/M-2016.12-SP2/auxx/tcllib/lib/tcl8.6/reg/pkgIndex.tcl
/afs/ir.stanford.edu/class/ee/synopsys/syn/M-2016.12-SP2/auxx/tcllib/lib/tcl8.6/dde/pkgIndex.tcl
/afs/ir.stanford.edu/class/ee/synopsys/syn/M-2016.12-SP2/auxx/tcllib/lib/tcl8.6/platform/pkgIndex.tcl
/afs/ir.stanford.edu/class/ee/synopsys/syn/M-2016.12-SP2/auxx/tcllib/lib/tcl8.6/tcltest/pkgIndex.tcl
/afs/ir.stanford.edu/class/ee/synopsys/syn/M-2016.12-SP2/auxx/tcllib/lib/tcl8.6/http/pkgIndex.tcl
/afs/ir.stanford.edu/class/ee/synopsys/syn/M-2016.12-SP2/auxx/tcllib/lib/tcl8.6/msgcat/pkgIndex.tcl
/afs/ir.stanford.edu/class/ee/synopsys/syn/M-2016.12-SP2/auxx/tcllib/lib/tcl8.6/http1.0/pkgIndex.tcl
/afs/ir.stanford.edu/class/ee/synopsys/syn/M-2016.12-SP2/auxx/tcllib/lib/tcl8.6/opt/pkgIndex.tcl
/afs/ir.stanford.edu/class/ee/synopsys/syn/M-2016.12-SP2/auxx/gui/common/setup/snpsCommonSetup.tcl
/afs/ir.stanford.edu/class/ee/synopsys/syn/M-2016.12-SP2/auxx/gui/common/setup/snpsCustomize.tcl
/afs/ir.stanford.edu/class/ee/synopsys/syn/M-2016.12-SP2/auxx/gui/common/setup/snpsProcheck.tcl
/afs/ir.stanford.edu/class/ee/synopsys/syn/M-2016.12-SP2/auxx/gui/common/qtcl/.synopsys_qtcl.tcl
/afs/ir.stanford.edu/class/ee/synopsys/syn/M-2016.12-SP2/auxx/gui/common/highlight/highlight.tcl
/afs/ir.stanford.edu/class/ee/synopsys/syn/M-2016.12-SP2/auxx/gui/common/misc/base.tcl
/afs/ir.stanford.edu/class/ee/synopsys/syn/M-2016.12-SP2/auxx/gui/common/misc/timing.tcl
/afs/ir.stanford.edu/class/ee/synopsys/syn/M-2016.12-SP2/auxx/gui/common/misc/setting.tcl
/afs/ir.stanford.edu/class/ee/synopsys/syn/M-2016.12-SP2/auxx/gui/common/misc/preset.tcl
/afs/ir.stanford.edu/class/ee/synopsys/syn/M-2016.12-SP2/auxx/gui/common/WindowFrameWork/windowFrameWork.tcl
/afs/ir.stanford.edu/class/ee/synopsys/syn/M-2016.12-SP2/auxx/gui/common/WindowFrameWork/skipBusyCursorCmdList.tcl
/afs/ir.stanford.edu/class/ee/synopsys/syn/M-2016.12-SP2/auxx/gui/common/docBrowser/docBrowser.tcl
/afs/ir.stanford.edu/class/ee/synopsys/syn/M-2016.12-SP2/auxx/tcllib/snps_tcl/snpsUtils/snpsUtils.tcl
/afs/ir.stanford.edu/class/ee/synopsys/syn/M-2016.12-SP2/auxx/gui/common/dialogs/ObjectChooser.tcl
/afs/ir.stanford.edu/class/ee/synopsys/syn/M-2016.12-SP2/auxx/gui/common/misc/DialogObjectChooser.tcl
/afs/ir.stanford.edu/class/ee/synopsys/syn/M-2016.12-SP2/auxx/gui/common/dialogs/HistBinInformation.tcl
/afs/ir.stanford.edu/class/ee/synopsys/syn/M-2016.12-SP2/auxx/gui/common/dialogs/HistBin1Information.tcl
/afs/ir.stanford.edu/class/ee/synopsys/syn/M-2016.12-SP2/auxx/gui/common/dialogs/BinsOnlyInformation.tcl
/afs/ir.stanford.edu/class/ee/synopsys/syn/M-2016.12-SP2/auxx/gui/common/dialogs/FileChooser.tcl
/afs/ir.stanford.edu/class/ee/synopsys/syn/M-2016.12-SP2/auxx/gui/common/dialogs/PathPinSimpleInfo.tcl
/afs/ir.stanford.edu/class/ee/synopsys/syn/M-2016.12-SP2/auxx/gui/common/dialogs/PathsBasicInfo.tcl
/afs/ir.stanford.edu/class/ee/synopsys/syn/M-2016.12-SP2/auxx/gui/common/dialogs/PathsBasicSimpleInfo.tcl
/afs/ir.stanford.edu/class/ee/synopsys/syn/M-2016.12-SP2/auxx/gui/common/dialogs/SlctOperationInfo.tcl
/afs/ir.stanford.edu/class/ee/synopsys/syn/M-2016.12-SP2/auxx/gui/common/dialogs/ObjectListInfo.tcl
/afs/ir.stanford.edu/class/ee/synopsys/syn/M-2016.12-SP2/auxx/gui/common/dialogs/FanInOutInfo.tcl
/afs/ir.stanford.edu/class/ee/synopsys/syn/M-2016.12-SP2/auxx/gui/common/dialogs/NumberOfLevelsChooser.tcl
/afs/ir.stanford.edu/class/ee/synopsys/syn/M-2016.12-SP2/auxx/gui/common/dialogs/WindowReuseInfo.tcl
/afs/ir.stanford.edu/class/ee/synopsys/syn/M-2016.12-SP2/auxx/gui/common/dialogs/ReportOutputOptionInfo.tcl
/afs/ir.stanford.edu/class/ee/synopsys/syn/M-2016.12-SP2/auxx/gui/common/setup/snpsCollections.tcl
/afs/ir.stanford.edu/class/ee/synopsys/syn/M-2016.12-SP2/auxx/gui/common/dialogs/CompileLinkDesign.tcl
/afs/ir.stanford.edu/class/ee/synopsys/syn/M-2016.12-SP2/auxx/gui/common/histogram/DialogEndpointSlack.tcl
/afs/ir.stanford.edu/class/ee/synopsys/syn/M-2016.12-SP2/auxx/gui/common/histogram/DialogPathsSlack.tcl
/afs/ir.stanford.edu/class/ee/synopsys/syn/M-2016.12-SP2/auxx/gui/common/histogram/DialogNetCapacitance.tcl
/afs/ir.stanford.edu/class/ee/synopsys/syn/M-2016.12-SP2/auxx/gui/common/schematic/DialogPathSchematicFanInOut.tcl
/afs/ir.stanford.edu/class/ee/synopsys/syn/M-2016.12-SP2/auxx/gui/common/schematic/DialogPathSchematicAddPaths.tcl
/home/ketan94/tars/assigns/assignment3/synth/rast_dc.tcl
/home/ketan94/tars/assigns/assignment3/genesis_synth/dff2_unq4.v
/home/ketan94/tars/assigns/assignment3/genesis_synth/dff2_unq6.v
/home/ketan94/tars/assigns/assignment3/genesis_synth/dff_unq5.v
/home/ketan94/tars/assigns/assignment3/genesis_synth/dff_unq9.v
/home/ketan94/tars/assigns/assignment3/genesis_synth/dff_unq8.v
/home/ketan94/tars/assigns/assignment3/genesis_synth/dff3_unq1.v
/home/ketan94/tars/assigns/assignment3/genesis_synth/hash_jtree_unq1.v
/home/ketan94/tars/assigns/assignment3/genesis_synth/dff2_unq2.v
/home/ketan94/tars/assigns/assignment3/genesis_synth/dff2_unq1.v
/home/ketan94/tars/assigns/assignment3/genesis_synth/dff_unq1.v
/home/ketan94/tars/assigns/assignment3/genesis_synth/sampletest_unq1.v
/home/ketan94/tars/assigns/assignment3/genesis_synth/dff2_unq3.v
/home/ketan94/tars/assigns/assignment3/genesis_synth/dff_unq6.v
/home/ketan94/tars/assigns/assignment3/genesis_synth/dff3_unq2.v
/home/ketan94/tars/assigns/assignment3/genesis_synth/dff2_unq5.v
/home/ketan94/tars/assigns/assignment3/genesis_synth/dff3_unq3.v
/home/ketan94/tars/assigns/assignment3/genesis_synth/test_iterator_unq1.v
/home/ketan94/tars/assigns/assignment3/genesis_synth/bbox_unq1.v
/home/ketan94/tars/assigns/assignment3/genesis_synth/rast.v
/home/ketan94/tars/assigns/assignment3/genesis_synth/dff_unq3.v
/home/ketan94/tars/assigns/assignment3/genesis_synth/dff_unq4.v
/home/ketan94/tars/assigns/assignment3/genesis_synth/tree_hash_unq1.v
/home/ketan94/tars/assigns/assignment3/genesis_synth/dff_unq7.v
/home/ketan94/tars/assigns/assignment3/genesis_synth/dff_unq2.v
/home/ketan94/tars/assigns/assignment3/genesis_synth/dff3_unq5.v
/home/ketan94/tars/assigns/assignment3/genesis_synth/dff3_unq4.v
/afs/ir/class/ee271/project/lib/TSMC_45nm/tcbn45gsbwpml.db
/afs/ir/class/ee/synopsys/syn/M-2016.12-SP2/libraries/syn/dw_foundation.sldb
/afs/ir.stanford.edu/class/ee/synopsys/syn/M-2016.12-SP2/libraries/syn/gtech.db
/afs/ir.stanford.edu/class/ee/synopsys/syn/M-2016.12-SP2/libraries/syn/standard.sldb
/afs/ir/class/ee271/project/lib/TSMC_45nm/tcbn45gsbwpml.db
/home/ketan94/tars/assigns/assignment3/synth/alib-52/tcbn45gsbwpml.db.alib
/home/ketan94/tars/assigns/assignment3/synth/alib-52/alib_analyze_libs.tcl.e
/afs/ir/class/ee271/project/lib/TSMC_45nm/tcbn45gsbwpml.db
/home/ketan94/tars/assigns/assignment3/synth/alib-52/tcbn45gsbwpml.db.alib
/home/ketan94/synopsys_cache_M-2016.12-SP2/DW01/DW01_NAND2/str/tcbn45gsbwpml_8220/element.ddc
